TN:
SF:components/demo/BeforeAfterCanvas.tsx
FN:24,DashboardFrame
FN:88,EmptyState
FN:104,LoadingState
FN:203,CompleteState
FN:232,BeforeAfterCanvas
FNF:5
FNH:5
FNDA:28,DashboardFrame
FNDA:33,EmptyState
FNDA:13,LoadingState
FNDA:14,CompleteState
FNDA:77,BeforeAfterCanvas
DA:1,1
DA:2,1
DA:3,1
DA:4,1
DA:5,1
DA:6,1
DA:7,1
DA:8,1
DA:9,1
DA:10,1
DA:11,1
DA:12,1
DA:13,1
DA:14,1
DA:15,1
DA:16,1
DA:17,1
DA:18,1
DA:19,1
DA:20,1
DA:21,1
DA:22,1
DA:23,1
DA:24,28
DA:25,28
DA:26,28
DA:27,28
DA:28,28
DA:29,28
DA:30,28
DA:31,28
DA:32,28
DA:33,28
DA:34,28
DA:35,28
DA:36,28
DA:37,28
DA:38,28
DA:39,28
DA:40,28
DA:41,28
DA:42,28
DA:43,28
DA:44,28
DA:45,28
DA:46,14
DA:47,14
DA:48,28
DA:49,28
DA:50,28
DA:51,28
DA:52,28
DA:53,28
DA:54,28
DA:55,28
DA:56,28
DA:57,28
DA:58,28
DA:59,28
DA:60,28
DA:61,28
DA:62,28
DA:63,28
DA:64,28
DA:65,28
DA:66,28
DA:67,28
DA:68,28
DA:69,28
DA:70,28
DA:71,28
DA:72,28
DA:73,28
DA:74,28
DA:75,28
DA:76,28
DA:77,28
DA:78,28
DA:79,28
DA:80,28
DA:81,28
DA:82,28
DA:83,28
DA:84,28
DA:85,28
DA:86,28
DA:87,1
DA:88,33
DA:89,33
DA:90,33
DA:91,33
DA:92,33
DA:93,33
DA:94,33
DA:95,33
DA:96,33
DA:97,33
DA:98,33
DA:99,33
DA:100,33
DA:101,33
DA:102,33
DA:103,1
DA:104,13
DA:105,13
DA:106,13
DA:107,13
DA:108,13
DA:109,13
DA:110,12
DA:111,16
DA:112,12
DA:113,12
DA:114,12
DA:115,67
DA:116,7
DA:117,7
DA:118,67
DA:119,12
DA:120,12
DA:121,12
DA:122,312
DA:123,12
DA:124,12
DA:125,12
DA:126,12
DA:127,12
DA:128,12
DA:129,12
DA:130,13
DA:131,13
DA:132,13
DA:133,13
DA:134,13
DA:135,13
DA:136,13
DA:137,13
DA:138,13
DA:139,13
DA:140,13
DA:141,13
DA:142,13
DA:143,13
DA:144,13
DA:145,13
DA:146,13
DA:147,13
DA:148,13
DA:149,13
DA:150,13
DA:151,13
DA:152,13
DA:153,13
DA:154,13
DA:155,13
DA:156,13
DA:157,13
DA:158,13
DA:159,13
DA:160,13
DA:161,13
DA:162,13
DA:163,13
DA:164,13
DA:165,13
DA:166,13
DA:167,13
DA:168,13
DA:169,13
DA:170,13
DA:171,13
DA:172,13
DA:173,13
DA:174,13
DA:175,13
DA:176,13
DA:177,13
DA:178,13
DA:179,13
DA:180,13
DA:181,13
DA:182,13
DA:183,13
DA:184,13
DA:185,13
DA:186,13
DA:187,13
DA:188,13
DA:189,13
DA:190,13
DA:191,13
DA:192,13
DA:193,13
DA:194,13
DA:195,13
DA:196,13
DA:197,13
DA:198,13
DA:199,13
DA:200,13
DA:201,13
DA:202,1
DA:203,14
DA:204,14
DA:205,14
DA:206,14
DA:207,14
DA:208,14
DA:209,14
DA:210,14
DA:211,14
DA:212,14
DA:213,14
DA:214,14
DA:215,14
DA:216,14
DA:217,14
DA:218,14
DA:219,14
DA:220,14
DA:221,14
DA:222,14
DA:223,14
DA:224,14
DA:225,14
DA:226,14
DA:227,14
DA:228,14
DA:229,14
DA:230,14
DA:231,1
DA:232,77
DA:233,77
DA:234,77
DA:235,77
DA:236,18
DA:237,18
DA:238,18
DA:239,18
DA:240,18
DA:241,18
DA:242,18
DA:243,18
DA:244,18
DA:245,18
DA:246,18
DA:247,18
DA:248,18
DA:249,18
DA:250,18
DA:251,18
DA:252,18
DA:253,18
DA:254,18
DA:255,18
DA:256,18
DA:257,18
DA:258,18
DA:259,18
DA:260,18
DA:261,18
DA:262,18
DA:263,18
DA:264,18
DA:265,18
DA:266,18
DA:267,18
DA:268,18
DA:269,18
DA:270,18
DA:271,18
DA:272,18
DA:273,18
DA:274,18
LF:274
LH:274
BRDA:24,0,0,28
BRDA:45,1,0,14
BRDA:46,2,0,14
BRDA:88,3,0,33
BRDA:104,4,0,13
BRDA:109,5,0,12
BRDA:110,6,0,16
BRDA:111,7,0,1
BRDA:114,8,0,67
BRDA:115,9,0,7
BRDA:116,10,0,0
BRDA:121,11,0,312
BRDA:122,12,0,36
BRDA:122,13,0,0
BRDA:125,14,0,12
BRDA:203,15,0,14
BRDA:232,16,0,77
BRDA:233,17,0,33
BRDA:233,18,0,44
BRDA:234,19,0,12
BRDA:234,20,0,32
BRDA:235,21,0,14
BRDA:235,22,0,18
BRF:23
BRH:21
end_of_record
TN:
SF:components/demo/ControlsPanel.tsx
FN:24,ControlsPanel
FN:38,onClick
FNF:2
FNH:2
FNDA:86,ControlsPanel
FNDA:5,onClick
DA:1,1
DA:2,1
DA:3,1
DA:4,1
DA:5,1
DA:6,1
DA:7,1
DA:8,1
DA:9,1
DA:10,1
DA:11,1
DA:12,1
DA:13,1
DA:14,1
DA:15,1
DA:16,1
DA:17,1
DA:18,1
DA:19,1
DA:20,1
DA:21,1
DA:22,1
DA:23,1
DA:24,86
DA:25,86
DA:26,86
DA:27,86
DA:28,86
DA:29,86
DA:30,86
DA:31,86
DA:32,86
DA:33,86
DA:34,86
DA:35,86
DA:36,258
DA:37,258
DA:38,258
DA:39,258
DA:40,258
DA:41,258
DA:42,86
DA:43,172
DA:44,258
DA:45,258
DA:46,258
DA:47,258
DA:48,258
DA:49,258
DA:50,258
DA:51,86
DA:52,258
DA:53,258
DA:54,86
DA:55,86
DA:56,86
DA:57,86
DA:58,86
DA:59,86
DA:60,16
DA:61,16
DA:62,16
DA:63,16
DA:64,16
DA:65,16
DA:66,16
DA:67,16
DA:68,16
DA:69,16
DA:70,16
DA:71,16
DA:72,16
DA:73,16
DA:74,16
DA:75,16
DA:76,16
DA:77,16
DA:78,16
DA:79,16
DA:80,86
DA:81,86
DA:82,86
DA:83,86
DA:84,16
DA:85,16
DA:86,16
DA:87,16
DA:88,16
DA:89,16
DA:90,80
DA:91,80
DA:92,80
DA:93,80
DA:94,80
DA:95,80
DA:96,80
DA:97,80
DA:98,80
DA:99,80
DA:100,80
DA:101,80
DA:102,80
DA:103,80
DA:104,80
DA:105,80
DA:106,80
DA:107,80
DA:108,80
DA:109,80
DA:110,80
DA:111,16
DA:112,16
DA:113,16
DA:114,86
DA:115,86
DA:116,86
DA:117,86
DA:118,86
DA:119,35
DA:120,35
DA:121,35
DA:122,35
DA:123,35
DA:124,35
DA:125,16
DA:126,19
DA:127,35
DA:128,35
DA:129,35
DA:130,35
DA:131,86
DA:132,86
DA:133,86
DA:134,86
DA:135,16
DA:136,16
DA:137,16
DA:138,16
DA:139,86
DA:140,86
DA:141,86
DA:142,86
DA:143,16
DA:144,16
DA:145,16
DA:146,16
DA:147,86
DA:148,86
DA:149,86
DA:150,86
DA:151,44
DA:152,44
DA:153,44
DA:154,44
DA:155,44
DA:156,44
DA:157,44
DA:158,86
DA:159,86
DA:160,86
DA:161,86
DA:162,86
LF:162
LH:162
BRDA:24,0,0,86
BRDA:59,1,0,16
BRDA:83,2,0,16
BRDA:118,3,0,67
BRDA:118,4,0,35
BRDA:124,5,0,16
BRDA:125,6,0,19
BRDA:129,7,0,16
BRDA:129,8,0,19
BRDA:134,9,0,16
BRDA:142,10,0,16
BRDA:150,11,0,44
BRDA:35,12,0,258
BRDA:41,13,0,86
BRDA:42,14,0,172
BRDA:50,15,0,86
BRDA:38,16,0,5
BRDA:89,17,0,80
BRF:18
BRH:18
end_of_record
TN:
SF:components/demo/DemoWorkspace.tsx
FN:10,DemoWorkspace
FN:14,handleUpload
FN:16,handleRefine
FN:21,handleReset
FNF:4
FNH:4
FNDA:52,DemoWorkspace
FNDA:14,handleUpload
FNDA:6,handleRefine
FNDA:3,handleReset
DA:1,1
DA:2,1
DA:3,1
DA:4,1
DA:5,1
DA:6,1
DA:7,1
DA:8,1
DA:9,1
DA:10,52
DA:11,52
DA:12,52
DA:13,52
DA:14,52
DA:15,52
DA:16,52
DA:17,6
DA:18,6
DA:19,6
DA:20,52
DA:21,52
DA:22,3
DA:23,3
DA:24,52
DA:25,52
DA:26,52
DA:27,52
DA:28,52
DA:29,52
DA:30,52
DA:31,52
DA:32,52
DA:33,52
DA:34,52
DA:35,52
DA:36,52
DA:37,52
DA:38,52
DA:39,52
DA:40,52
DA:41,52
DA:42,52
DA:43,52
DA:44,52
DA:45,52
DA:46,52
DA:47,52
DA:48,52
DA:49,52
DA:50,52
DA:51,52
DA:52,52
DA:53,52
DA:54,52
DA:55,52
DA:56,52
DA:57,52
DA:58,52
DA:59,52
DA:60,52
DA:61,52
DA:62,52
DA:63,52
DA:64,6
DA:65,46
DA:66,3
DA:67,43
DA:68,52
DA:69,52
DA:70,52
DA:71,52
DA:72,52
DA:73,52
DA:74,52
DA:75,52
DA:76,52
DA:77,52
DA:78,52
DA:79,52
DA:80,52
DA:81,52
DA:82,52
DA:83,52
DA:84,52
DA:85,52
DA:86,52
DA:87,52
DA:88,52
DA:89,52
DA:90,52
DA:91,52
DA:92,14
DA:93,14
DA:94,14
DA:95,14
DA:96,14
DA:97,14
DA:98,14
DA:99,14
DA:100,14
DA:101,52
DA:102,52
DA:103,52
DA:104,52
DA:105,52
DA:106,52
DA:107,52
DA:108,52
DA:109,52
DA:110,52
DA:111,52
DA:112,52
DA:113,52
DA:114,52
DA:115,52
DA:116,52
DA:117,52
DA:118,52
DA:119,52
DA:120,52
DA:121,52
DA:122,52
DA:123,52
DA:124,52
DA:125,52
LF:125
LH:125
BRDA:10,0,0,52
BRDA:63,1,0,6
BRDA:64,2,0,46
BRDA:65,3,0,3
BRDA:66,4,0,43
BRDA:71,5,0,29
BRDA:72,6,0,14
BRDA:73,7,0,6
BRDA:74,8,0,3
BRDA:91,9,0,14
BRDA:14,10,0,14
BRDA:16,11,0,6
BRDA:18,12,0,3
BRDA:21,13,0,3
BRF:14
BRH:14
end_of_record
TN:
SF:components/demo/UploadPanel.tsx
FN:15,UploadPanel
FN:18,handleDrop
FN:35,onClick
FN:37,onDragOver
FN:44,onChange
FNF:5
FNH:4
FNDA:73,UploadPanel
FNDA:2,handleDrop
FNDA:0,onClick
FNDA:1,onDragOver
FNDA:1,onChange
DA:1,1
DA:2,1
DA:3,1
DA:4,1
DA:5,1
DA:6,1
DA:7,1
DA:8,1
DA:9,1
DA:10,1
DA:11,1
DA:12,1
DA:13,1
DA:14,1
DA:15,73
DA:16,73
DA:17,73
DA:18,73
DA:19,2
DA:20,2
DA:21,2
DA:22,73
DA:23,73
DA:24,73
DA:25,73
DA:26,73
DA:27,73
DA:28,73
DA:29,73
DA:30,73
DA:31,73
DA:32,39
DA:33,34
DA:34,73
DA:35,73
DA:36,73
DA:37,73
DA:38,73
DA:39,73
DA:40,73
DA:41,73
DA:42,73
DA:43,73
DA:44,73
DA:45,73
DA:46,73
DA:47,73
DA:48,39
DA:49,39
DA:50,39
DA:51,39
DA:52,39
DA:53,39
DA:54,39
DA:55,39
DA:56,39
DA:57,34
DA:58,34
DA:59,34
DA:60,34
DA:61,34
DA:62,34
DA:63,34
DA:64,34
DA:65,34
DA:66,34
DA:67,73
DA:68,73
DA:69,73
DA:70,73
DA:71,73
DA:72,39
DA:73,39
DA:74,39
DA:75,39
DA:76,39
DA:77,39
DA:78,39
DA:79,73
DA:80,73
DA:81,73
DA:82,73
DA:83,73
DA:84,73
DA:85,73
DA:86,73
DA:87,73
LF:87
LH:87
BRDA:15,0,0,73
BRDA:31,1,0,39
BRDA:32,2,0,34
BRDA:47,3,0,39
BRDA:56,4,0,34
BRDA:71,5,0,39
BRDA:18,6,0,2
BRDA:20,7,0,1
BRDA:37,8,0,1
BRDA:44,9,0,1
BRF:10
BRH:10
end_of_record
TN:
SF:components/landing/FeatureHighlights.tsx
FN:34,FeatureHighlights
FNF:1
FNH:1
FNDA:4,FeatureHighlights
DA:1,1
DA:2,1
DA:3,1
DA:4,1
DA:5,1
DA:6,1
DA:7,1
DA:8,1
DA:9,1
DA:10,1
DA:11,1
DA:12,1
DA:13,1
DA:14,1
DA:15,1
DA:16,1
DA:17,1
DA:18,1
DA:19,1
DA:20,1
DA:21,1
DA:22,1
DA:23,1
DA:24,1
DA:25,1
DA:26,1
DA:27,1
DA:28,1
DA:29,1
DA:30,1
DA:31,1
DA:32,1
DA:33,1
DA:34,4
DA:35,4
DA:36,4
DA:37,4
DA:38,4
DA:39,4
DA:40,4
DA:41,4
DA:42,4
DA:43,4
DA:44,4
DA:45,4
DA:46,4
DA:47,4
DA:48,4
DA:49,4
DA:50,4
DA:51,4
DA:52,16
DA:53,16
DA:54,16
DA:55,16
DA:56,16
DA:57,16
DA:58,16
DA:59,16
DA:60,16
DA:61,16
DA:62,16
DA:63,16
DA:64,16
DA:65,16
DA:66,16
DA:67,16
DA:68,16
DA:69,16
DA:70,16
DA:71,16
DA:72,16
DA:73,40
DA:74,40
DA:75,40
DA:76,40
DA:77,40
DA:78,40
DA:79,16
DA:80,16
DA:81,16
DA:82,16
DA:83,16
DA:84,16
DA:85,4
DA:86,4
DA:87,4
DA:88,4
DA:89,4
DA:90,4
DA:91,4
DA:92,4
DA:93,4
DA:94,4
DA:95,4
DA:96,4
DA:97,4
DA:98,4
DA:99,4
DA:100,4
DA:101,4
DA:102,4
DA:103,4
DA:104,4
DA:105,4
DA:106,4
LF:106
LH:106
BRDA:34,0,0,4
BRDA:51,1,0,16
BRDA:72,2,0,40
BRF:3
BRH:3
end_of_record
TN:
SF:components/landing/HeroSection.tsx
FN:6,HeroBrowserFrame
FN:60,HeroSection
FNF:2
FNH:2
FNDA:12,HeroBrowserFrame
FNDA:6,HeroSection
DA:1,1
DA:2,1
DA:3,1
DA:4,1
DA:5,1
DA:6,12
DA:7,12
DA:8,12
DA:9,12
DA:10,12
DA:11,12
DA:12,12
DA:13,12
DA:14,12
DA:15,12
DA:16,12
DA:17,12
DA:18,12
DA:19,12
DA:20,12
DA:21,12
DA:22,12
DA:23,12
DA:24,12
DA:25,12
DA:26,12
DA:27,12
DA:28,6
DA:29,6
DA:30,12
DA:31,12
DA:32,12
DA:33,12
DA:34,12
DA:35,12
DA:36,12
DA:37,12
DA:38,12
DA:39,12
DA:40,12
DA:41,12
DA:42,12
DA:43,12
DA:44,12
DA:45,12
DA:46,12
DA:47,12
DA:48,12
DA:49,12
DA:50,12
DA:51,12
DA:52,12
DA:53,12
DA:54,12
DA:55,12
DA:56,12
DA:57,12
DA:58,12
DA:59,1
DA:60,6
DA:61,6
DA:62,6
DA:63,6
DA:64,6
DA:65,6
DA:66,6
DA:67,6
DA:68,6
DA:69,6
DA:70,6
DA:71,6
DA:72,6
DA:73,6
DA:74,6
DA:75,6
DA:76,6
DA:77,6
DA:78,6
DA:79,6
DA:80,6
DA:81,6
DA:82,6
DA:83,6
DA:84,6
DA:85,6
DA:86,6
DA:87,6
DA:88,6
DA:89,6
DA:90,6
DA:91,6
DA:92,6
DA:93,6
DA:94,6
DA:95,6
DA:96,6
DA:97,6
DA:98,6
DA:99,6
DA:100,6
DA:101,6
DA:102,6
DA:103,6
DA:104,6
DA:105,6
DA:106,6
DA:107,6
DA:108,6
DA:109,6
DA:110,6
DA:111,6
DA:112,6
DA:113,6
DA:114,6
DA:115,6
DA:116,6
DA:117,6
DA:118,6
DA:119,6
DA:120,6
DA:121,6
DA:122,6
DA:123,6
DA:124,6
DA:125,6
DA:126,6
DA:127,6
DA:128,6
DA:129,6
DA:130,6
DA:131,6
DA:132,6
DA:133,6
DA:134,6
DA:135,6
DA:136,6
DA:137,6
DA:138,6
DA:139,6
DA:140,6
DA:141,6
DA:142,6
DA:143,6
DA:144,6
DA:145,6
DA:146,6
DA:147,6
DA:148,6
DA:149,6
DA:150,6
DA:151,6
DA:152,6
DA:153,6
DA:154,6
DA:155,6
DA:156,6
DA:157,6
DA:158,6
DA:159,6
DA:160,6
DA:161,6
DA:162,6
DA:163,6
DA:164,6
DA:165,6
DA:166,18
DA:167,18
DA:168,18
DA:169,18
DA:170,6
DA:171,6
DA:172,6
DA:173,6
DA:174,6
DA:175,6
DA:176,6
DA:177,6
DA:178,6
DA:179,6
DA:180,6
DA:181,6
DA:182,6
DA:183,6
DA:184,6
DA:185,18
DA:186,18
DA:187,18
DA:188,18
DA:189,6
DA:190,6
DA:191,6
DA:192,6
DA:193,6
DA:194,6
DA:195,6
LF:195
LH:195
BRDA:6,0,0,12
BRDA:19,1,0,6
BRDA:19,2,0,6
BRDA:27,3,0,6
BRDA:28,4,0,6
BRDA:60,5,0,6
BRDA:165,6,0,18
BRDA:184,7,0,18
BRF:8
BRH:8
end_of_record
TN:
SF:components/landing/HowItWorks.tsx
FN:30,HowItWorks
FNF:1
FNH:1
FNDA:3,HowItWorks
DA:1,1
DA:2,1
DA:3,1
DA:4,1
DA:5,1
DA:6,1
DA:7,1
DA:8,1
DA:9,1
DA:10,1
DA:11,1
DA:12,1
DA:13,1
DA:14,1
DA:15,1
DA:16,1
DA:17,1
DA:18,1
DA:19,1
DA:20,1
DA:21,1
DA:22,1
DA:23,1
DA:24,1
DA:25,1
DA:26,1
DA:27,1
DA:28,1
DA:29,1
DA:30,3
DA:31,3
DA:32,3
DA:33,3
DA:34,3
DA:35,3
DA:36,3
DA:37,3
DA:38,3
DA:39,3
DA:40,3
DA:41,3
DA:42,3
DA:43,3
DA:44,3
DA:45,3
DA:46,3
DA:47,3
DA:48,3
DA:49,3
DA:50,3
DA:51,9
DA:52,9
DA:53,9
DA:54,9
DA:55,9
DA:56,9
DA:57,9
DA:58,9
DA:59,9
DA:60,9
DA:61,9
DA:62,9
DA:63,9
DA:64,9
DA:65,9
DA:66,9
DA:67,9
DA:68,9
DA:69,9
DA:70,9
DA:71,9
DA:72,9
DA:73,3
DA:74,3
DA:75,3
DA:76,3
DA:77,3
DA:78,3
LF:78
LH:78
BRDA:30,0,0,3
BRDA:50,1,0,9
BRF:2
BRH:2
end_of_record
TN:
SF:components/layout/Footer.tsx
FN:10,Footer
FNF:1
FNH:1
FNDA:3,Footer
DA:1,1
DA:2,1
DA:3,1
DA:4,1
DA:5,1
DA:6,1
DA:7,1
DA:8,1
DA:9,1
DA:10,3
DA:11,3
DA:12,3
DA:13,3
DA:14,3
DA:15,3
DA:16,3
DA:17,3
DA:18,3
DA:19,3
DA:20,3
DA:21,3
DA:22,3
DA:23,3
DA:24,3
DA:25,3
DA:26,3
DA:27,3
DA:28,3
DA:29,3
DA:30,9
DA:31,9
DA:32,9
DA:33,9
DA:34,9
DA:35,9
DA:36,36
DA:37,36
DA:38,36
DA:39,36
DA:40,36
DA:41,36
DA:42,36
DA:43,36
DA:44,9
DA:45,9
DA:46,9
DA:47,3
DA:48,3
DA:49,3
DA:50,3
DA:51,3
DA:52,3
DA:53,3
DA:54,9
DA:55,9
DA:56,9
DA:57,9
DA:58,9
DA:59,9
DA:60,9
DA:61,3
DA:62,3
DA:63,3
DA:64,3
DA:65,3
DA:66,3
DA:67,3
LF:67
LH:67
BRDA:10,0,0,3
BRDA:29,1,0,9
BRDA:35,2,0,36
BRDA:53,3,0,9
BRF:4
BRH:4
end_of_record
TN:
SF:components/layout/Navbar.tsx
FN:10,Navbar
FN:15,handler
FN:70,onClick
FN:85,onClick
FN:93,onClick
FNF:5
FNH:4
FNDA:12,Navbar
FNDA:1,handler
FNDA:2,onClick
FNDA:1,onClick
FNDA:0,onClick
DA:1,1
DA:2,1
DA:3,1
DA:4,1
DA:5,1
DA:6,1
DA:7,1
DA:8,1
DA:9,1
DA:10,12
DA:11,12
DA:12,12
DA:13,12
DA:14,12
DA:15,8
DA:16,8
DA:17,8
DA:18,12
DA:19,12
DA:20,12
DA:21,12
DA:22,12
DA:23,12
DA:24,12
DA:25,1
DA:26,11
DA:27,12
DA:28,12
DA:29,12
DA:30,12
DA:31,12
DA:32,12
DA:33,12
DA:34,12
DA:35,12
DA:36,12
DA:37,12
DA:38,12
DA:39,12
DA:40,12
DA:41,36
DA:42,36
DA:43,36
DA:44,36
DA:45,36
DA:46,36
DA:47,36
DA:48,12
DA:49,12
DA:50,12
DA:51,12
DA:52,12
DA:53,12
DA:54,12
DA:55,12
DA:56,12
DA:57,12
DA:58,12
DA:59,12
DA:60,12
DA:61,12
DA:62,12
DA:63,12
DA:64,12
DA:65,12
DA:66,12
DA:67,12
DA:68,12
DA:69,12
DA:70,12
DA:71,12
DA:72,12
DA:73,12
DA:74,12
DA:75,12
DA:76,12
DA:77,12
DA:78,12
DA:79,2
DA:80,2
DA:81,6
DA:82,6
DA:83,6
DA:84,6
DA:85,6
DA:86,6
DA:87,6
DA:88,6
DA:89,2
DA:90,2
DA:91,2
DA:92,2
DA:93,2
DA:94,2
DA:95,2
DA:96,2
DA:97,2
DA:98,12
DA:99,12
DA:100,12
DA:101,12
LF:101
LH:101
BRDA:10,0,0,12
BRDA:24,1,0,1
BRDA:25,2,0,11
BRDA:73,3,0,2
BRDA:73,4,0,10
BRDA:78,5,0,2
BRDA:14,6,0,8
BRDA:15,7,0,1
BRDA:17,8,0,8
BRDA:40,9,0,36
BRDA:70,10,0,2
BRDA:70,11,0,2
BRDA:80,12,0,6
BRDA:85,13,0,1
BRF:14
BRH:14
end_of_record
TN:
SF:lib/mock-data.ts
FNF:0
FNH:0
DA:1,1
DA:2,1
DA:3,1
DA:4,1
DA:5,1
DA:6,1
DA:7,1
DA:8,1
DA:9,1
DA:10,1
DA:11,1
DA:12,1
DA:13,1
DA:14,1
DA:15,1
DA:16,1
DA:17,1
DA:18,1
DA:19,1
DA:20,1
DA:21,1
DA:22,1
DA:23,1
DA:24,1
DA:25,1
DA:26,1
DA:27,1
DA:28,1
DA:29,1
DA:30,1
DA:31,1
DA:32,1
DA:33,1
DA:34,1
DA:35,1
DA:36,1
DA:37,1
DA:38,1
DA:39,1
DA:40,1
DA:41,1
DA:42,1
DA:43,1
DA:44,1
DA:45,1
DA:46,1
DA:47,1
DA:48,1
DA:49,1
DA:50,1
DA:51,1
DA:52,1
DA:53,1
DA:54,1
DA:55,1
DA:56,1
DA:57,1
DA:58,1
DA:59,1
DA:60,1
DA:61,1
DA:62,1
DA:63,1
DA:64,1
DA:65,1
DA:66,1
DA:67,1
DA:68,1
DA:69,1
DA:70,1
DA:71,1
DA:72,1
DA:73,1
DA:74,1
DA:75,1
DA:76,1
DA:77,1
DA:78,1
DA:79,1
DA:80,1
DA:81,1
DA:82,1
DA:83,1
DA:84,1
LF:84
LH:84
BRF:0
BRH:0
end_of_record
TN:
SF:lib/utils.ts
FN:4,cn
FNF:1
FNH:1
FNDA:498,cn
DA:1,1
DA:2,1
DA:3,1
DA:4,1
DA:5,498
DA:6,498
LF:6
LH:6
BRDA:4,0,0,498
BRF:1
BRH:1
end_of_record
